<?xml version="1.0" encoding="UTF-8"?>
<testng-results ignored="0" total="2" passed="2" failed="0" skipped="0">
  <reporter-output>
  </reporter-output>
  <suite started-at="2025-02-24T13:07:29 IST" name="Default suite" finished-at="2025-02-24T13:07:39 IST" duration-ms="10372">
    <groups>
    </groups>
    <test started-at="2025-02-24T13:07:29 IST" name="Default test" finished-at="2025-02-24T13:07:39 IST" duration-ms="10372">
      <class name="Google.Open_Google">
        <test-method is-config="true" signature="NavigateToUrl()[pri:0, instance:Google.Open_Google@6f10d5b6]" started-at="2025-02-24T13:07:29 IST" name="NavigateToUrl" finished-at="2025-02-24T13:07:35 IST" duration-ms="6108" status="PASS">
          <reporter-output>
          </reporter-output>
        </test-method> <!-- NavigateToUrl -->
        <test-method signature="Google()[pri:1, instance:Google.Open_Google@6f10d5b6]" started-at="2025-02-24T13:07:35 IST" name="Google" finished-at="2025-02-24T13:07:35 IST" duration-ms="266" status="PASS">
          <reporter-output>
          </reporter-output>
        </test-method> <!-- Google -->
        <test-method signature="Gmail()[pri:2, instance:Google.Open_Google@6f10d5b6]" started-at="2025-02-24T13:07:35 IST" name="Gmail" finished-at="2025-02-24T13:07:39 IST" duration-ms="3438" status="PASS">
          <reporter-output>
          </reporter-output>
        </test-method> <!-- Gmail -->
        <test-method is-config="true" signature="close()[pri:0, instance:Google.Open_Google@6f10d5b6]" started-at="2025-02-24T13:07:39 IST" name="close" finished-at="2025-02-24T13:07:39 IST" duration-ms="435" status="PASS">
          <reporter-output>
          </reporter-output>
        </test-method> <!-- close -->
      </class> <!-- Google.Open_Google -->
    </test> <!-- Default test -->
  </suite> <!-- Default suite -->
</testng-results>
